mode: atomic
github.com/radekg/app-kit-tokens/webfinger/support.go:6.52,8.2 1 0
github.com/radekg/app-kit-tokens/webfinger/uma2.go:41.74,43.2 1 0
github.com/radekg/app-kit-tokens/webfinger/uma2.go:48.109,51.25 2 0
github.com/radekg/app-kit-tokens/webfinger/uma2.go:55.2,56.19 2 0
github.com/radekg/app-kit-tokens/webfinger/uma2.go:59.2,63.78 3 0
github.com/radekg/app-kit-tokens/webfinger/uma2.go:66.2,66.24 1 0
github.com/radekg/app-kit-tokens/webfinger/uma2.go:51.25,53.3 1 0
github.com/radekg/app-kit-tokens/webfinger/uma2.go:56.19,58.3 1 0
github.com/radekg/app-kit-tokens/webfinger/uma2.go:63.78,65.3 1 0
github.com/radekg/app-kit-tokens/webfinger/uma2.go:91.67,93.2 1 0
github.com/radekg/app-kit-tokens/webfinger/uma2.go:94.64,96.2 1 0
github.com/radekg/app-kit-tokens/webfinger/uma2.go:97.67,99.2 1 0
github.com/radekg/app-kit-tokens/webfinger/uma2.go:100.53,102.2 1 0
github.com/radekg/app-kit-tokens/webfinger/uma2.go:103.64,105.2 1 0
github.com/radekg/app-kit-tokens/webfinger/uma2.go:106.60,108.2 1 0
github.com/radekg/app-kit-tokens/webfinger/uma2.go:109.66,111.2 1 0
github.com/radekg/app-kit-tokens/webfinger/uma2.go:112.74,114.2 1 0
github.com/radekg/app-kit-tokens/webfinger/uma2.go:115.59,117.2 1 0
github.com/radekg/app-kit-tokens/webfinger/uma2.go:118.72,120.2 1 0
github.com/radekg/app-kit-tokens/webfinger/uma2.go:123.67,125.2 1 0
github.com/radekg/app-kit-tokens/webfinger/uma2.go:126.70,128.2 1 0
github.com/radekg/app-kit-tokens/webfinger/uma2.go:129.70,131.2 1 0
github.com/radekg/app-kit-tokens/webfinger/uma2.go:132.63,134.2 1 0
github.com/radekg/app-kit-tokens/webfinger/uma2.go:135.81,137.2 1 0
github.com/radekg/app-kit-tokens/webfinger/uma2.go:138.90,140.2 1 0
github.com/radekg/app-kit-tokens/webfinger/uma2.go:143.52,145.2 1 0
github.com/radekg/app-kit-tokens/webfinger/uma2.go:147.69,149.24 2 0
github.com/radekg/app-kit-tokens/webfinger/uma2.go:152.2,152.42 1 0
github.com/radekg/app-kit-tokens/webfinger/uma2.go:149.24,151.3 1 0
github.com/radekg/app-kit-tokens/tokens/accesstoken.go:32.57,34.2 1 0
github.com/radekg/app-kit-tokens/tokens/accesstoken.go:35.57,37.2 1 0
github.com/radekg/app-kit-tokens/tokens/accesstoken.go:38.51,40.2 1 2
github.com/radekg/app-kit-tokens/tokens/accesstoken.go:41.51,43.2 1 0
github.com/radekg/app-kit-tokens/tokens/accesstoken.go:44.52,46.2 1 0
github.com/radekg/app-kit-tokens/tokens/accesstoken.go:47.52,49.2 1 0
github.com/radekg/app-kit-tokens/tokens/accesstoken.go:50.51,52.2 1 0
github.com/radekg/app-kit-tokens/tokens/accesstoken.go:53.54,56.53 1 2
github.com/radekg/app-kit-tokens/tokens/accesstoken.go:61.2,61.18 1 0
github.com/radekg/app-kit-tokens/tokens/accesstoken.go:56.53,57.36 1 3
github.com/radekg/app-kit-tokens/tokens/accesstoken.go:57.36,59.4 1 2
github.com/radekg/app-kit-tokens/tokens/accesstoken.go:63.52,65.2 1 0
github.com/radekg/app-kit-tokens/tokens/accesstoken.go:66.52,68.2 1 0
github.com/radekg/app-kit-tokens/tokens/accesstoken.go:74.52,76.2 1 2
github.com/radekg/app-kit-tokens/tokens/accesstoken.go:78.85,80.21 2 2
github.com/radekg/app-kit-tokens/tokens/accesstoken.go:83.2,84.79 2 2
github.com/radekg/app-kit-tokens/tokens/accesstoken.go:87.2,87.36 1 2
github.com/radekg/app-kit-tokens/tokens/accesstoken.go:80.21,82.3 1 0
github.com/radekg/app-kit-tokens/tokens/accesstoken.go:84.79,86.3 1 0
github.com/radekg/app-kit-tokens/tokens/idtoken.go:49.54,51.2 1 0
github.com/radekg/app-kit-tokens/tokens/idtoken.go:52.50,54.2 1 0
github.com/radekg/app-kit-tokens/tokens/idtoken.go:55.56,57.2 1 0
github.com/radekg/app-kit-tokens/tokens/idtoken.go:58.55,60.2 1 0
github.com/radekg/app-kit-tokens/tokens/idtoken.go:61.51,63.2 1 0
github.com/radekg/app-kit-tokens/tokens/idtoken.go:64.55,66.2 1 0
github.com/radekg/app-kit-tokens/tokens/idtoken.go:67.49,69.2 1 0
github.com/radekg/app-kit-tokens/tokens/idtoken.go:70.53,72.2 1 0
github.com/radekg/app-kit-tokens/tokens/idtoken.go:73.56,75.2 1 0
github.com/radekg/app-kit-tokens/tokens/idtoken.go:76.62,78.2 1 0
github.com/radekg/app-kit-tokens/tokens/idtoken.go:79.52,81.2 1 0
github.com/radekg/app-kit-tokens/tokens/idtoken.go:82.62,84.2 1 0
github.com/radekg/app-kit-tokens/tokens/idtoken.go:85.52,87.2 1 0
github.com/radekg/app-kit-tokens/tokens/idtoken.go:88.48,90.2 1 0
github.com/radekg/app-kit-tokens/tokens/idtoken.go:91.53,93.2 1 0
github.com/radekg/app-kit-tokens/tokens/idtoken.go:94.52,96.2 1 0
github.com/radekg/app-kit-tokens/tokens/idtoken.go:97.53,99.2 1 0
github.com/radekg/app-kit-tokens/tokens/idtoken.go:103.57,105.2 1 0
github.com/radekg/app-kit-tokens/tokens/idtoken.go:106.51,108.2 1 0
github.com/radekg/app-kit-tokens/tokens/idtoken.go:109.50,111.2 1 0
github.com/radekg/app-kit-tokens/tokens/idtoken.go:112.56,114.2 1 0
github.com/radekg/app-kit-tokens/tokens/idtoken.go:118.55,121.2 2 0
github.com/radekg/app-kit-tokens/tokens/idtoken.go:123.70,126.2 2 0
github.com/radekg/app-kit-tokens/tokens/idtoken.go:128.75,129.39 1 0
github.com/radekg/app-kit-tokens/tokens/idtoken.go:137.2,137.18 1 0
github.com/radekg/app-kit-tokens/tokens/idtoken.go:129.39,130.33 1 0
github.com/radekg/app-kit-tokens/tokens/idtoken.go:131.15,132.21 1 0
github.com/radekg/app-kit-tokens/tokens/idtoken.go:133.11,134.40 1 0
github.com/radekg/app-kit-tokens/tokens/idtoken.go:140.46,142.2 1 0
github.com/radekg/app-kit-tokens/tokens/idtoken.go:146.44,148.2 1 0
github.com/radekg/app-kit-tokens/tokens/idtoken.go:150.77,152.21 2 0
github.com/radekg/app-kit-tokens/tokens/idtoken.go:155.2,156.79 2 0
github.com/radekg/app-kit-tokens/tokens/idtoken.go:159.2,159.32 1 0
github.com/radekg/app-kit-tokens/tokens/idtoken.go:152.21,154.3 1 0
github.com/radekg/app-kit-tokens/tokens/idtoken.go:156.79,158.3 1 0
github.com/radekg/app-kit-tokens/tokens/jwt.go:33.43,35.2 1 1
github.com/radekg/app-kit-tokens/tokens/jwt.go:36.39,38.2 1 1
github.com/radekg/app-kit-tokens/tokens/jwt.go:39.40,41.2 1 1
github.com/radekg/app-kit-tokens/tokens/jwt.go:42.47,44.2 1 1
github.com/radekg/app-kit-tokens/tokens/jwt.go:45.44,47.2 1 1
github.com/radekg/app-kit-tokens/tokens/jwt.go:48.41,50.2 1 1
github.com/radekg/app-kit-tokens/tokens/jwt.go:51.46,53.2 1 1
github.com/radekg/app-kit-tokens/tokens/jwt.go:54.44,56.2 1 1
github.com/radekg/app-kit-tokens/tokens/jwt.go:57.37,59.2 1 1
github.com/radekg/app-kit-tokens/tokens/jwt.go:62.46,66.2 3 1
github.com/radekg/app-kit-tokens/jwks/jwks.go:19.36,19.76 1 1
github.com/radekg/app-kit-tokens/jwks/jwks.go:22.72,23.19 1 0
github.com/radekg/app-kit-tokens/jwks/jwks.go:27.2,28.25 2 0
github.com/radekg/app-kit-tokens/jwks/jwks.go:32.2,33.19 2 0
github.com/radekg/app-kit-tokens/jwks/jwks.go:36.2,40.72 3 0
github.com/radekg/app-kit-tokens/jwks/jwks.go:43.2,43.37 1 0
github.com/radekg/app-kit-tokens/jwks/jwks.go:23.19,25.3 1 0
github.com/radekg/app-kit-tokens/jwks/jwks.go:28.25,30.3 1 0
github.com/radekg/app-kit-tokens/jwks/jwks.go:33.19,35.3 1 0
github.com/radekg/app-kit-tokens/jwks/jwks.go:40.72,42.3 1 0
github.com/radekg/app-kit-tokens/jwks/jwks.go:57.57,59.2 1 0
github.com/radekg/app-kit-tokens/jwks/jwks.go:61.59,64.16 3 0
github.com/radekg/app-kit-tokens/jwks/jwks.go:70.2,70.34 1 0
github.com/radekg/app-kit-tokens/jwks/jwks.go:89.2,89.31 1 0
github.com/radekg/app-kit-tokens/jwks/jwks.go:99.2,101.3 1 0
github.com/radekg/app-kit-tokens/jwks/jwks.go:64.16,68.3 1 0
github.com/radekg/app-kit-tokens/jwks/jwks.go:70.34,71.32 1 0
github.com/radekg/app-kit-tokens/jwks/jwks.go:81.3,83.4 1 0
github.com/radekg/app-kit-tokens/jwks/jwks.go:71.32,72.41 1 0
github.com/radekg/app-kit-tokens/jwks/jwks.go:72.41,79.5 2 0
github.com/radekg/app-kit-tokens/jwks/jwks.go:89.31,90.55 1 0
github.com/radekg/app-kit-tokens/jwks/jwks.go:90.55,96.4 1 0
github.com/radekg/app-kit-tokens/jwks/jwks.go:117.41,119.2 1 0
github.com/radekg/app-kit-tokens/jwks/jwks.go:120.51,122.2 1 0
github.com/radekg/app-kit-tokens/jwks/jwks.go:124.50,126.2 1 0
github.com/radekg/app-kit-tokens/webfinger/openid.go:52.78,54.2 1 0
github.com/radekg/app-kit-tokens/webfinger/openid.go:59.113,62.25 2 0
github.com/radekg/app-kit-tokens/webfinger/openid.go:66.2,67.19 2 0
github.com/radekg/app-kit-tokens/webfinger/openid.go:70.2,74.80 3 0
github.com/radekg/app-kit-tokens/webfinger/openid.go:77.2,77.26 1 0
github.com/radekg/app-kit-tokens/webfinger/openid.go:62.25,64.3 1 0
github.com/radekg/app-kit-tokens/webfinger/openid.go:67.19,69.3 1 0
github.com/radekg/app-kit-tokens/webfinger/openid.go:74.80,76.3 1 0
github.com/radekg/app-kit-tokens/webfinger/openid.go:114.69,116.2 1 0
github.com/radekg/app-kit-tokens/webfinger/openid.go:117.66,119.2 1 0
github.com/radekg/app-kit-tokens/webfinger/openid.go:120.69,122.2 1 0
github.com/radekg/app-kit-tokens/webfinger/openid.go:123.55,125.2 1 0
github.com/radekg/app-kit-tokens/webfinger/openid.go:126.68,128.2 1 0
github.com/radekg/app-kit-tokens/webfinger/openid.go:129.61,131.2 1 0
github.com/radekg/app-kit-tokens/webfinger/openid.go:132.74,134.2 1 0
github.com/radekg/app-kit-tokens/webfinger/openid.go:135.64,137.2 1 0
github.com/radekg/app-kit-tokens/webfinger/openid.go:140.70,142.2 1 0
github.com/radekg/app-kit-tokens/webfinger/openid.go:143.65,145.2 1 0
github.com/radekg/app-kit-tokens/webfinger/openid.go:146.69,148.2 1 0
github.com/radekg/app-kit-tokens/webfinger/openid.go:149.79,151.2 1 0
github.com/radekg/app-kit-tokens/webfinger/openid.go:152.69,154.2 1 0
github.com/radekg/app-kit-tokens/webfinger/openid.go:155.85,157.2 1 0
github.com/radekg/app-kit-tokens/webfinger/openid.go:158.82,160.2 1 0
github.com/radekg/app-kit-tokens/webfinger/openid.go:161.88,163.2 1 0
github.com/radekg/app-kit-tokens/webfinger/openid.go:164.71,166.2 1 0
github.com/radekg/app-kit-tokens/webfinger/openid.go:167.74,169.2 1 0
github.com/radekg/app-kit-tokens/webfinger/openid.go:170.72,172.2 1 0
github.com/radekg/app-kit-tokens/webfinger/openid.go:173.72,175.2 1 0
github.com/radekg/app-kit-tokens/webfinger/openid.go:176.65,178.2 1 0
github.com/radekg/app-kit-tokens/webfinger/openid.go:179.71,181.2 1 0
github.com/radekg/app-kit-tokens/webfinger/openid.go:182.83,184.2 1 0
github.com/radekg/app-kit-tokens/webfinger/openid.go:185.92,187.2 1 0
github.com/radekg/app-kit-tokens/webfinger/openid.go:188.83,190.2 1 0
github.com/radekg/app-kit-tokens/webfinger/openid.go:193.66,195.2 1 0
github.com/radekg/app-kit-tokens/webfinger/openid.go:196.54,198.2 1 0
github.com/radekg/app-kit-tokens/webfinger/openid.go:199.82,201.2 1 0
github.com/radekg/app-kit-tokens/webfinger/openid.go:203.71,205.24 2 0
github.com/radekg/app-kit-tokens/webfinger/openid.go:208.2,208.42 1 0
github.com/radekg/app-kit-tokens/webfinger/openid.go:205.24,207.3 1 0
github.com/radekg/app-kit-tokens/tokens/refreshtoken.go:32.58,34.2 1 0
github.com/radekg/app-kit-tokens/tokens/refreshtoken.go:35.53,37.2 1 0
github.com/radekg/app-kit-tokens/tokens/refreshtoken.go:38.52,40.2 1 0
github.com/radekg/app-kit-tokens/tokens/refreshtoken.go:41.52,43.2 1 0
github.com/radekg/app-kit-tokens/tokens/refreshtoken.go:44.53,46.2 1 0
github.com/radekg/app-kit-tokens/tokens/refreshtoken.go:47.53,49.2 1 0
github.com/radekg/app-kit-tokens/tokens/refreshtoken.go:50.52,52.2 1 0
github.com/radekg/app-kit-tokens/tokens/refreshtoken.go:53.55,56.53 1 0
github.com/radekg/app-kit-tokens/tokens/refreshtoken.go:61.2,61.18 1 0
github.com/radekg/app-kit-tokens/tokens/refreshtoken.go:56.53,57.36 1 0
github.com/radekg/app-kit-tokens/tokens/refreshtoken.go:57.36,59.4 1 0
github.com/radekg/app-kit-tokens/tokens/refreshtoken.go:63.53,65.2 1 0
github.com/radekg/app-kit-tokens/tokens/refreshtoken.go:66.53,68.2 1 0
github.com/radekg/app-kit-tokens/tokens/refreshtoken.go:72.54,74.2 1 0
github.com/radekg/app-kit-tokens/tokens/refreshtoken.go:76.87,78.21 2 0
github.com/radekg/app-kit-tokens/tokens/refreshtoken.go:81.2,82.79 2 0
github.com/radekg/app-kit-tokens/tokens/refreshtoken.go:85.2,85.37 1 0
github.com/radekg/app-kit-tokens/tokens/refreshtoken.go:78.21,80.3 1 0
github.com/radekg/app-kit-tokens/tokens/refreshtoken.go:82.79,84.3 1 0
github.com/radekg/app-kit-tokens/tokens/shared.go:8.63,9.31 1 0
github.com/radekg/app-kit-tokens/tokens/shared.go:31.2,31.17 1 0
github.com/radekg/app-kit-tokens/tokens/shared.go:9.31,10.33 1 0
github.com/radekg/app-kit-tokens/tokens/shared.go:11.16,12.32 1 0
github.com/radekg/app-kit-tokens/tokens/shared.go:13.13,14.32 1 0
github.com/radekg/app-kit-tokens/tokens/shared.go:15.15,16.32 1 0
github.com/radekg/app-kit-tokens/tokens/shared.go:17.15,18.32 1 0
github.com/radekg/app-kit-tokens/tokens/shared.go:19.12,20.32 1 0
github.com/radekg/app-kit-tokens/tokens/shared.go:21.14,22.32 1 0
github.com/radekg/app-kit-tokens/tokens/shared.go:23.14,24.32 1 0
github.com/radekg/app-kit-tokens/tokens/shared.go:25.16,26.23 1 0
github.com/radekg/app-kit-tokens/tokens/shared.go:27.11,28.19 1 0
github.com/radekg/app-kit-tokens/tokens/shared.go:34.59,35.31 1 2
github.com/radekg/app-kit-tokens/tokens/shared.go:57.2,57.17 1 0
github.com/radekg/app-kit-tokens/tokens/shared.go:35.31,36.33 1 2
github.com/radekg/app-kit-tokens/tokens/shared.go:37.16,38.30 1 0
github.com/radekg/app-kit-tokens/tokens/shared.go:39.16,40.30 1 2
github.com/radekg/app-kit-tokens/tokens/shared.go:41.13,42.30 1 0
github.com/radekg/app-kit-tokens/tokens/shared.go:43.15,44.30 1 0
github.com/radekg/app-kit-tokens/tokens/shared.go:45.15,46.30 1 0
github.com/radekg/app-kit-tokens/tokens/shared.go:47.12,48.30 1 0
github.com/radekg/app-kit-tokens/tokens/shared.go:49.14,50.30 1 0
github.com/radekg/app-kit-tokens/tokens/shared.go:51.14,52.23 1 0
github.com/radekg/app-kit-tokens/tokens/shared.go:53.11,54.19 1 0
github.com/radekg/app-kit-tokens/tokens/shared.go:60.57,61.31 1 0
github.com/radekg/app-kit-tokens/tokens/shared.go:69.2,69.21 1 0
github.com/radekg/app-kit-tokens/tokens/shared.go:61.31,62.33 1 0
github.com/radekg/app-kit-tokens/tokens/shared.go:63.13,64.23 1 0
github.com/radekg/app-kit-tokens/tokens/shared.go:65.11,66.23 1 0
github.com/radekg/app-kit-tokens/tokens/shared.go:72.45,75.2 2 3
github.com/radekg/app-kit-tokens/tokens/shared.go:77.60,80.2 2 0
github.com/radekg/app-kit-tokens/tokens/shared.go:82.65,83.31 1 2
github.com/radekg/app-kit-tokens/tokens/shared.go:91.2,91.18 1 0
github.com/radekg/app-kit-tokens/tokens/shared.go:83.31,84.33 1 2
github.com/radekg/app-kit-tokens/tokens/shared.go:85.15,86.21 1 1
github.com/radekg/app-kit-tokens/tokens/shared.go:87.11,88.40 1 1
github.com/radekg/app-kit-tokens/tokens/shared.go:104.61,106.2 1 0
github.com/radekg/app-kit-tokens/tokens/shared.go:112.44,114.2 1 0
github.com/radekg/app-kit-tokens/tokens/refreshtoken.go:32.58,34.2 1 0
github.com/radekg/app-kit-tokens/tokens/refreshtoken.go:35.53,37.2 1 0
github.com/radekg/app-kit-tokens/tokens/refreshtoken.go:38.52,40.2 1 0
github.com/radekg/app-kit-tokens/tokens/refreshtoken.go:41.52,43.2 1 0
github.com/radekg/app-kit-tokens/tokens/refreshtoken.go:44.53,46.2 1 0
github.com/radekg/app-kit-tokens/tokens/refreshtoken.go:47.53,49.2 1 0
github.com/radekg/app-kit-tokens/tokens/refreshtoken.go:50.52,52.2 1 0
github.com/radekg/app-kit-tokens/tokens/refreshtoken.go:53.55,56.53 1 0
github.com/radekg/app-kit-tokens/tokens/refreshtoken.go:61.2,61.18 1 0
github.com/radekg/app-kit-tokens/tokens/refreshtoken.go:56.53,57.36 1 0
github.com/radekg/app-kit-tokens/tokens/refreshtoken.go:57.36,59.4 1 0
github.com/radekg/app-kit-tokens/tokens/refreshtoken.go:63.53,65.2 1 0
github.com/radekg/app-kit-tokens/tokens/refreshtoken.go:66.53,68.2 1 0
github.com/radekg/app-kit-tokens/tokens/refreshtoken.go:72.54,74.2 1 0
github.com/radekg/app-kit-tokens/tokens/refreshtoken.go:76.87,78.21 2 0
github.com/radekg/app-kit-tokens/tokens/refreshtoken.go:81.2,82.79 2 0
github.com/radekg/app-kit-tokens/tokens/refreshtoken.go:85.2,85.37 1 0
github.com/radekg/app-kit-tokens/tokens/refreshtoken.go:78.21,80.3 1 0
github.com/radekg/app-kit-tokens/tokens/refreshtoken.go:82.79,84.3 1 0
github.com/radekg/app-kit-tokens/tokens/accesstoken.go:32.57,34.2 1 0
github.com/radekg/app-kit-tokens/tokens/accesstoken.go:35.57,37.2 1 0
github.com/radekg/app-kit-tokens/tokens/accesstoken.go:38.51,40.2 1 0
github.com/radekg/app-kit-tokens/tokens/accesstoken.go:41.51,43.2 1 0
github.com/radekg/app-kit-tokens/tokens/accesstoken.go:44.52,46.2 1 0
github.com/radekg/app-kit-tokens/tokens/accesstoken.go:47.52,49.2 1 0
github.com/radekg/app-kit-tokens/tokens/accesstoken.go:50.51,52.2 1 0
github.com/radekg/app-kit-tokens/tokens/accesstoken.go:53.54,56.53 1 0
github.com/radekg/app-kit-tokens/tokens/accesstoken.go:61.2,61.18 1 0
github.com/radekg/app-kit-tokens/tokens/accesstoken.go:56.53,57.36 1 0
github.com/radekg/app-kit-tokens/tokens/accesstoken.go:57.36,59.4 1 0
github.com/radekg/app-kit-tokens/tokens/accesstoken.go:63.52,65.2 1 0
github.com/radekg/app-kit-tokens/tokens/accesstoken.go:66.52,68.2 1 0
github.com/radekg/app-kit-tokens/tokens/accesstoken.go:74.52,76.2 1 0
github.com/radekg/app-kit-tokens/tokens/accesstoken.go:78.85,80.21 2 0
github.com/radekg/app-kit-tokens/tokens/accesstoken.go:83.2,84.79 2 0
github.com/radekg/app-kit-tokens/tokens/accesstoken.go:87.2,87.36 1 0
github.com/radekg/app-kit-tokens/tokens/accesstoken.go:80.21,82.3 1 0
github.com/radekg/app-kit-tokens/tokens/accesstoken.go:84.79,86.3 1 0
github.com/radekg/app-kit-tokens/tokens/jwt.go:33.43,35.2 1 0
github.com/radekg/app-kit-tokens/tokens/jwt.go:36.39,38.2 1 0
github.com/radekg/app-kit-tokens/tokens/jwt.go:39.40,41.2 1 0
github.com/radekg/app-kit-tokens/tokens/jwt.go:42.47,44.2 1 0
github.com/radekg/app-kit-tokens/tokens/jwt.go:45.44,47.2 1 0
github.com/radekg/app-kit-tokens/tokens/jwt.go:48.41,50.2 1 0
github.com/radekg/app-kit-tokens/tokens/jwt.go:51.46,53.2 1 0
github.com/radekg/app-kit-tokens/tokens/jwt.go:54.44,56.2 1 0
github.com/radekg/app-kit-tokens/tokens/jwt.go:57.37,59.2 1 0
github.com/radekg/app-kit-tokens/tokens/jwt.go:62.46,66.2 3 0
github.com/radekg/app-kit-tokens/tokens/shared.go:8.63,9.31 1 0
github.com/radekg/app-kit-tokens/tokens/shared.go:31.2,31.17 1 0
github.com/radekg/app-kit-tokens/tokens/shared.go:9.31,10.33 1 0
github.com/radekg/app-kit-tokens/tokens/shared.go:11.16,12.32 1 0
github.com/radekg/app-kit-tokens/tokens/shared.go:13.13,14.32 1 0
github.com/radekg/app-kit-tokens/tokens/shared.go:15.15,16.32 1 0
github.com/radekg/app-kit-tokens/tokens/shared.go:17.15,18.32 1 0
github.com/radekg/app-kit-tokens/tokens/shared.go:19.12,20.32 1 0
github.com/radekg/app-kit-tokens/tokens/shared.go:21.14,22.32 1 0
github.com/radekg/app-kit-tokens/tokens/shared.go:23.14,24.32 1 0
github.com/radekg/app-kit-tokens/tokens/shared.go:25.16,26.23 1 0
github.com/radekg/app-kit-tokens/tokens/shared.go:27.11,28.19 1 0
github.com/radekg/app-kit-tokens/tokens/shared.go:34.59,35.31 1 0
github.com/radekg/app-kit-tokens/tokens/shared.go:57.2,57.17 1 0
github.com/radekg/app-kit-tokens/tokens/shared.go:35.31,36.33 1 0
github.com/radekg/app-kit-tokens/tokens/shared.go:37.16,38.30 1 0
github.com/radekg/app-kit-tokens/tokens/shared.go:39.16,40.30 1 0
github.com/radekg/app-kit-tokens/tokens/shared.go:41.13,42.30 1 0
github.com/radekg/app-kit-tokens/tokens/shared.go:43.15,44.30 1 0
github.com/radekg/app-kit-tokens/tokens/shared.go:45.15,46.30 1 0
github.com/radekg/app-kit-tokens/tokens/shared.go:47.12,48.30 1 0
github.com/radekg/app-kit-tokens/tokens/shared.go:49.14,50.30 1 0
github.com/radekg/app-kit-tokens/tokens/shared.go:51.14,52.23 1 0
github.com/radekg/app-kit-tokens/tokens/shared.go:53.11,54.19 1 0
github.com/radekg/app-kit-tokens/tokens/shared.go:60.57,61.31 1 0
github.com/radekg/app-kit-tokens/tokens/shared.go:69.2,69.21 1 0
github.com/radekg/app-kit-tokens/tokens/shared.go:61.31,62.33 1 0
github.com/radekg/app-kit-tokens/tokens/shared.go:63.13,64.23 1 0
github.com/radekg/app-kit-tokens/tokens/shared.go:65.11,66.23 1 0
github.com/radekg/app-kit-tokens/tokens/shared.go:72.45,75.2 2 0
github.com/radekg/app-kit-tokens/tokens/shared.go:77.60,80.2 2 0
github.com/radekg/app-kit-tokens/tokens/shared.go:82.65,83.31 1 0
github.com/radekg/app-kit-tokens/tokens/shared.go:91.2,91.18 1 0
github.com/radekg/app-kit-tokens/tokens/shared.go:83.31,84.33 1 0
github.com/radekg/app-kit-tokens/tokens/shared.go:85.15,86.21 1 0
github.com/radekg/app-kit-tokens/tokens/shared.go:87.11,88.40 1 0
github.com/radekg/app-kit-tokens/tokens/shared.go:104.61,106.2 1 0
github.com/radekg/app-kit-tokens/tokens/shared.go:112.44,114.2 1 0
github.com/radekg/app-kit-tokens/webfinger/openid.go:52.78,54.2 1 0
github.com/radekg/app-kit-tokens/webfinger/openid.go:59.113,62.25 2 0
github.com/radekg/app-kit-tokens/webfinger/openid.go:66.2,67.19 2 0
github.com/radekg/app-kit-tokens/webfinger/openid.go:70.2,74.80 3 0
github.com/radekg/app-kit-tokens/webfinger/openid.go:77.2,77.26 1 0
github.com/radekg/app-kit-tokens/webfinger/openid.go:62.25,64.3 1 0
github.com/radekg/app-kit-tokens/webfinger/openid.go:67.19,69.3 1 0
github.com/radekg/app-kit-tokens/webfinger/openid.go:74.80,76.3 1 0
github.com/radekg/app-kit-tokens/webfinger/openid.go:114.69,116.2 1 0
github.com/radekg/app-kit-tokens/webfinger/openid.go:117.66,119.2 1 0
github.com/radekg/app-kit-tokens/webfinger/openid.go:120.69,122.2 1 0
github.com/radekg/app-kit-tokens/webfinger/openid.go:123.55,125.2 1 0
github.com/radekg/app-kit-tokens/webfinger/openid.go:126.68,128.2 1 0
github.com/radekg/app-kit-tokens/webfinger/openid.go:129.61,131.2 1 0
github.com/radekg/app-kit-tokens/webfinger/openid.go:132.74,134.2 1 0
github.com/radekg/app-kit-tokens/webfinger/openid.go:135.64,137.2 1 0
github.com/radekg/app-kit-tokens/webfinger/openid.go:140.70,142.2 1 0
github.com/radekg/app-kit-tokens/webfinger/openid.go:143.65,145.2 1 0
github.com/radekg/app-kit-tokens/webfinger/openid.go:146.69,148.2 1 0
github.com/radekg/app-kit-tokens/webfinger/openid.go:149.79,151.2 1 0
github.com/radekg/app-kit-tokens/webfinger/openid.go:152.69,154.2 1 0
github.com/radekg/app-kit-tokens/webfinger/openid.go:155.85,157.2 1 0
github.com/radekg/app-kit-tokens/webfinger/openid.go:158.82,160.2 1 0
github.com/radekg/app-kit-tokens/webfinger/openid.go:161.88,163.2 1 0
github.com/radekg/app-kit-tokens/webfinger/openid.go:164.71,166.2 1 0
github.com/radekg/app-kit-tokens/webfinger/openid.go:167.74,169.2 1 0
github.com/radekg/app-kit-tokens/webfinger/openid.go:170.72,172.2 1 0
github.com/radekg/app-kit-tokens/webfinger/openid.go:173.72,175.2 1 0
github.com/radekg/app-kit-tokens/webfinger/openid.go:176.65,178.2 1 0
github.com/radekg/app-kit-tokens/webfinger/openid.go:179.71,181.2 1 0
github.com/radekg/app-kit-tokens/webfinger/openid.go:182.83,184.2 1 0
github.com/radekg/app-kit-tokens/webfinger/openid.go:185.92,187.2 1 0
github.com/radekg/app-kit-tokens/webfinger/openid.go:188.83,190.2 1 0
github.com/radekg/app-kit-tokens/webfinger/openid.go:193.66,195.2 1 0
github.com/radekg/app-kit-tokens/webfinger/openid.go:196.54,198.2 1 0
github.com/radekg/app-kit-tokens/webfinger/openid.go:199.82,201.2 1 0
github.com/radekg/app-kit-tokens/webfinger/openid.go:203.71,205.24 2 0
github.com/radekg/app-kit-tokens/webfinger/openid.go:208.2,208.42 1 0
github.com/radekg/app-kit-tokens/webfinger/openid.go:205.24,207.3 1 0
github.com/radekg/app-kit-tokens/webfinger/support.go:6.52,8.2 1 0
github.com/radekg/app-kit-tokens/webfinger/uma2.go:41.74,43.2 1 0
github.com/radekg/app-kit-tokens/webfinger/uma2.go:48.109,51.25 2 0
github.com/radekg/app-kit-tokens/webfinger/uma2.go:55.2,56.19 2 0
github.com/radekg/app-kit-tokens/webfinger/uma2.go:59.2,63.78 3 0
github.com/radekg/app-kit-tokens/webfinger/uma2.go:66.2,66.24 1 0
github.com/radekg/app-kit-tokens/webfinger/uma2.go:51.25,53.3 1 0
github.com/radekg/app-kit-tokens/webfinger/uma2.go:56.19,58.3 1 0
github.com/radekg/app-kit-tokens/webfinger/uma2.go:63.78,65.3 1 0
github.com/radekg/app-kit-tokens/webfinger/uma2.go:91.67,93.2 1 0
github.com/radekg/app-kit-tokens/webfinger/uma2.go:94.64,96.2 1 0
github.com/radekg/app-kit-tokens/webfinger/uma2.go:97.67,99.2 1 0
github.com/radekg/app-kit-tokens/webfinger/uma2.go:100.53,102.2 1 0
github.com/radekg/app-kit-tokens/webfinger/uma2.go:103.64,105.2 1 0
github.com/radekg/app-kit-tokens/webfinger/uma2.go:106.60,108.2 1 0
github.com/radekg/app-kit-tokens/webfinger/uma2.go:109.66,111.2 1 0
github.com/radekg/app-kit-tokens/webfinger/uma2.go:112.74,114.2 1 0
github.com/radekg/app-kit-tokens/webfinger/uma2.go:115.59,117.2 1 0
github.com/radekg/app-kit-tokens/webfinger/uma2.go:118.72,120.2 1 0
github.com/radekg/app-kit-tokens/webfinger/uma2.go:123.67,125.2 1 0
github.com/radekg/app-kit-tokens/webfinger/uma2.go:126.70,128.2 1 0
github.com/radekg/app-kit-tokens/webfinger/uma2.go:129.70,131.2 1 0
github.com/radekg/app-kit-tokens/webfinger/uma2.go:132.63,134.2 1 0
github.com/radekg/app-kit-tokens/webfinger/uma2.go:135.81,137.2 1 0
github.com/radekg/app-kit-tokens/webfinger/uma2.go:138.90,140.2 1 0
github.com/radekg/app-kit-tokens/webfinger/uma2.go:143.52,145.2 1 0
github.com/radekg/app-kit-tokens/webfinger/uma2.go:147.69,149.24 2 0
github.com/radekg/app-kit-tokens/webfinger/uma2.go:152.2,152.42 1 0
github.com/radekg/app-kit-tokens/webfinger/uma2.go:149.24,151.3 1 0
github.com/radekg/app-kit-tokens/jwks/jwks.go:19.36,19.76 1 1
github.com/radekg/app-kit-tokens/jwks/jwks.go:22.72,23.19 1 1
github.com/radekg/app-kit-tokens/jwks/jwks.go:27.2,28.25 2 1
github.com/radekg/app-kit-tokens/jwks/jwks.go:32.2,33.19 2 1
github.com/radekg/app-kit-tokens/jwks/jwks.go:36.2,40.72 3 1
github.com/radekg/app-kit-tokens/jwks/jwks.go:43.2,43.37 1 1
github.com/radekg/app-kit-tokens/jwks/jwks.go:23.19,25.3 1 1
github.com/radekg/app-kit-tokens/jwks/jwks.go:28.25,30.3 1 0
github.com/radekg/app-kit-tokens/jwks/jwks.go:33.19,35.3 1 0
github.com/radekg/app-kit-tokens/jwks/jwks.go:40.72,42.3 1 0
github.com/radekg/app-kit-tokens/jwks/jwks.go:57.57,59.2 1 0
github.com/radekg/app-kit-tokens/jwks/jwks.go:61.59,64.16 3 4
github.com/radekg/app-kit-tokens/jwks/jwks.go:70.2,70.34 1 4
github.com/radekg/app-kit-tokens/jwks/jwks.go:89.2,89.31 1 1
github.com/radekg/app-kit-tokens/jwks/jwks.go:99.2,101.3 1 1
github.com/radekg/app-kit-tokens/jwks/jwks.go:64.16,68.3 1 0
github.com/radekg/app-kit-tokens/jwks/jwks.go:70.34,71.32 1 3
github.com/radekg/app-kit-tokens/jwks/jwks.go:81.3,83.4 1 1
github.com/radekg/app-kit-tokens/jwks/jwks.go:71.32,72.41 1 6
github.com/radekg/app-kit-tokens/jwks/jwks.go:72.41,79.5 2 2
github.com/radekg/app-kit-tokens/jwks/jwks.go:89.31,90.55 1 2
github.com/radekg/app-kit-tokens/jwks/jwks.go:90.55,96.4 1 0
github.com/radekg/app-kit-tokens/jwks/jwks.go:117.41,119.2 1 4
github.com/radekg/app-kit-tokens/jwks/jwks.go:120.51,122.2 1 0
github.com/radekg/app-kit-tokens/jwks/jwks.go:124.50,126.2 1 0
github.com/radekg/app-kit-tokens/tokens/idtoken.go:49.54,51.2 1 0
github.com/radekg/app-kit-tokens/tokens/idtoken.go:52.50,54.2 1 0
github.com/radekg/app-kit-tokens/tokens/idtoken.go:55.56,57.2 1 0
github.com/radekg/app-kit-tokens/tokens/idtoken.go:58.55,60.2 1 0
github.com/radekg/app-kit-tokens/tokens/idtoken.go:61.51,63.2 1 0
github.com/radekg/app-kit-tokens/tokens/idtoken.go:64.55,66.2 1 0
github.com/radekg/app-kit-tokens/tokens/idtoken.go:67.49,69.2 1 0
github.com/radekg/app-kit-tokens/tokens/idtoken.go:70.53,72.2 1 0
github.com/radekg/app-kit-tokens/tokens/idtoken.go:73.56,75.2 1 0
github.com/radekg/app-kit-tokens/tokens/idtoken.go:76.62,78.2 1 0
github.com/radekg/app-kit-tokens/tokens/idtoken.go:79.52,81.2 1 0
github.com/radekg/app-kit-tokens/tokens/idtoken.go:82.62,84.2 1 0
github.com/radekg/app-kit-tokens/tokens/idtoken.go:85.52,87.2 1 0
github.com/radekg/app-kit-tokens/tokens/idtoken.go:88.48,90.2 1 0
github.com/radekg/app-kit-tokens/tokens/idtoken.go:91.53,93.2 1 0
github.com/radekg/app-kit-tokens/tokens/idtoken.go:94.52,96.2 1 0
github.com/radekg/app-kit-tokens/tokens/idtoken.go:97.53,99.2 1 0
github.com/radekg/app-kit-tokens/tokens/idtoken.go:103.57,105.2 1 0
github.com/radekg/app-kit-tokens/tokens/idtoken.go:106.51,108.2 1 0
github.com/radekg/app-kit-tokens/tokens/idtoken.go:109.50,111.2 1 0
github.com/radekg/app-kit-tokens/tokens/idtoken.go:112.56,114.2 1 0
github.com/radekg/app-kit-tokens/tokens/idtoken.go:118.55,121.2 2 0
github.com/radekg/app-kit-tokens/tokens/idtoken.go:123.70,126.2 2 0
github.com/radekg/app-kit-tokens/tokens/idtoken.go:128.75,129.39 1 0
github.com/radekg/app-kit-tokens/tokens/idtoken.go:137.2,137.18 1 0
github.com/radekg/app-kit-tokens/tokens/idtoken.go:129.39,130.33 1 0
github.com/radekg/app-kit-tokens/tokens/idtoken.go:131.15,132.21 1 0
github.com/radekg/app-kit-tokens/tokens/idtoken.go:133.11,134.40 1 0
github.com/radekg/app-kit-tokens/tokens/idtoken.go:140.46,142.2 1 0
github.com/radekg/app-kit-tokens/tokens/idtoken.go:146.44,148.2 1 0
github.com/radekg/app-kit-tokens/tokens/idtoken.go:150.77,152.21 2 0
github.com/radekg/app-kit-tokens/tokens/idtoken.go:155.2,156.79 2 0
github.com/radekg/app-kit-tokens/tokens/idtoken.go:159.2,159.32 1 0
github.com/radekg/app-kit-tokens/tokens/idtoken.go:152.21,154.3 1 0
github.com/radekg/app-kit-tokens/tokens/idtoken.go:156.79,158.3 1 0
